Using pre-set license
Built from '2020.3/staging' branch; Version is '2020.3.17f1 (a4537701e4ab) revision 10769271'; Using compiler version '192528614'; Build Type 'Release'
OS: 'Windows 10 Pro; OS build 19044.1266; Version 2009; 64bit' Language: 'ru' Physical Memory: 65455 MB
BatchMode: 1, IsHumanControllingUs: 0, StartBugReporterOnCrash: 0, Is64bit: 1, IsPro: 0

COMMAND LINE ARGUMENTS:
D:\Program Files\Unity\2020.3.17f1\Editor\Unity.exe
-adb2
-batchMode
-noUpm
-name
AssetImportWorker0
-projectPath
E:/REPO/Strategy/StrategySunrise
-logFile
Logs/AssetImportWorker0.log
-srvPort
54040
Successfully changed project path to: E:/REPO/Strategy/StrategySunrise
E:/REPO/Strategy/StrategySunrise
Using Asset Import Pipeline V2.
Refreshing native plugins compatible for Editor in 29.27 ms, found 2 plugins.
Preloading 0 native plugins for Editor in 0.00 ms.
Initialize engine version: 2020.3.17f1 (a4537701e4ab)
[Subsystems] Discovering subsystems at path D:/Program Files/Unity/2020.3.17f1/Editor/Data/Resources/UnitySubsystems
[Subsystems] Discovering subsystems at path E:/REPO/Strategy/StrategySunrise/Assets
GfxDevice: creating device client; threaded=0
Direct3D:
    Version:  Direct3D 11.0 [level 11.1]
    Renderer: NVIDIA GeForce GTX 1070 Ti (ID=0x1b82)
    Vendor:   
    VRAM:     8079 MB
    Driver:   27.21.14.5671
Initialize mono
Mono path[0] = 'D:/Program Files/Unity/2020.3.17f1/Editor/Data/Managed'
Mono path[1] = 'D:/Program Files/Unity/2020.3.17f1/Editor/Data/MonoBleedingEdge/lib/mono/unityjit'
Mono config path = 'D:/Program Files/Unity/2020.3.17f1/Editor/Data/MonoBleedingEdge/etc'
Using monoOptions --debugger-agent=transport=dt_socket,embedding=1,server=y,suspend=n,address=127.0.0.1:56744
Begin MonoManager ReloadAssembly
Registering precompiled unity dll's ...
Register platform support module: D:/Program Files/Unity/2020.3.17f1/Editor/Data/PlaybackEngines/WindowsStandaloneSupport/UnityEditor.WindowsStandalone.Extensions.dll
Registered in 0.000913 seconds.
Native extension for WindowsStandalone target not found
Refreshing native plugins compatible for Editor in 28.60 ms, found 2 plugins.
Preloading 0 native plugins for Editor in 0.00 ms.
Mono: successfully reloaded assembly
- Completed reload, in  1.099 seconds
Domain Reload Profiling:
	ReloadAssembly (1099ms)
		BeginReloadAssembly (39ms)
			ExecutionOrderSort (0ms)
			DisableScriptedObjects (0ms)
			BackupInstance (0ms)
			ReleaseScriptingObjects (0ms)
			CreateAndSetChildDomain (1ms)
		EndReloadAssembly (323ms)
			LoadAssemblies (39ms)
			RebuildTransferFunctionScriptingTraits (0ms)
			SetupTypeCache (118ms)
			ReleaseScriptCaches (0ms)
			RebuildScriptCaches (25ms)
			SetupLoadedEditorAssemblies (127ms)
				LogAssemblyErrors (0ms)
				InitializePlatformSupportModulesInManaged (3ms)
				SetLoadedEditorAssemblies (0ms)
				RefreshPlugins (29ms)
				BeforeProcessingInitializeOnLoad (10ms)
				ProcessInitializeOnLoadAttributes (63ms)
				ProcessInitializeOnLoadMethodAttributes (22ms)
				AfterProcessingInitializeOnLoad (0ms)
				EditorAssembliesLoaded (0ms)
			ExecutionOrderSort2 (0ms)
			AwakeInstancesAfterBackupRestoration (0ms)
Platform modules already initialized, skipping
Registering precompiled user dll's ...
Registered in 0.001965 seconds.
Begin MonoManager ReloadAssembly
Native extension for WindowsStandalone target not found
Refreshing native plugins compatible for Editor in 0.46 ms, found 2 plugins.
Preloading 0 native plugins for Editor in 0.00 ms.
Mono: successfully reloaded assembly
- Completed reload, in  0.828 seconds
Domain Reload Profiling:
	ReloadAssembly (828ms)
		BeginReloadAssembly (115ms)
			ExecutionOrderSort (0ms)
			DisableScriptedObjects (4ms)
			BackupInstance (0ms)
			ReleaseScriptingObjects (0ms)
			CreateAndSetChildDomain (15ms)
		EndReloadAssembly (665ms)
			LoadAssemblies (63ms)
			RebuildTransferFunctionScriptingTraits (0ms)
			SetupTypeCache (209ms)
			ReleaseScriptCaches (0ms)
			RebuildScriptCaches (33ms)
			SetupLoadedEditorAssemblies (285ms)
				LogAssemblyErrors (0ms)
				InitializePlatformSupportModulesInManaged (4ms)
				SetLoadedEditorAssemblies (0ms)
				RefreshPlugins (0ms)
				BeforeProcessingInitializeOnLoad (66ms)
				ProcessInitializeOnLoadAttributes (209ms)
				ProcessInitializeOnLoadMethodAttributes (3ms)
				AfterProcessingInitializeOnLoad (2ms)
				EditorAssembliesLoaded (0ms)
			ExecutionOrderSort2 (0ms)
			AwakeInstancesAfterBackupRestoration (5ms)
Platform modules already initialized, skipping
========================================================================
Worker process is ready to serve import requests
Launched and connected shader compiler UnityShaderCompiler.exe after 0.13 seconds
Refreshing native plugins compatible for Editor in 0.51 ms, found 2 plugins.
Preloading 0 native plugins for Editor in 0.00 ms.
Unloading 1427 Unused Serialized files (Serialized files now loaded: 0)
System memory in use before: 75.2 MB.
System memory in use after: 75.2 MB.

Unloading 18 unused Assets to reduce memory usage. Loaded Objects now: 1862.
Total: 2.801100 ms (FindLiveObjects: 0.210100 ms CreateObjectMapping: 0.031800 ms MarkObjects: 2.484900 ms  DeleteObjects: 0.073500 ms)

AssetImportParameters requested are different than current active one (requested -> active):
  custom:framework-win-MediaFoundation: 216162199b28c13a410421893ffa2e32 -> 
  custom:video-decoder-ogg-theora: a1e56fd34408186e4bbccfd4996cb3dc -> 
  custom:container-muxer-webm: aa71ff27fc2769a1b78a27578f13a17b -> 
  custom:container-demuxer-webm: 4f35f7cbe854078d1ac9338744f61a02 -> 
  custom:container-demuxer-ogg: 62fdf1f143b41e24485cea50d1cbac27 -> 
  custom:video-encoder-webm-vp8: eb34c28f22e8b96e1ab97ce403110664 -> 
  custom:video-decoder-webm-vp8: 9c59270c3fd7afecdb556c50c9e8de78 -> 
  custom:audio-decoder-ogg-vorbis: bf7c407c2cedff20999df2af8eb42d56 -> 
  custom:audio-encoder-webm-vorbis: bf7c407c2cedff20999df2af8eb42d56 -> 
========================================================================
Received Import Request.
  path: Assets/Scripts/UserControlSystem/UserControlSystem.asmdef
  artifactKey: Guid(dbfbfad5a37e3174393f973955b760ee) Importer(815301076,1909f56bfc062723c751e8b465ee728b)
Start importing Assets/Scripts/UserControlSystem/UserControlSystem.asmdef using Guid(dbfbfad5a37e3174393f973955b760ee) Importer(815301076,1909f56bfc062723c751e8b465ee728b)  -> (artifact id: '6102e7bdc70a4a137202c0e01b1e606c') in 0.033015 seconds 
  Import took 0.035186 seconds .

========================================================================
Received Import Request.
  Time since last request: 48.412662 seconds.
  path: Assets/Scripts/Core/Core.asmdef
  artifactKey: Guid(c99fbfd7ae2dc284b96f493883a9a4c5) Importer(815301076,1909f56bfc062723c751e8b465ee728b)
Start importing Assets/Scripts/Core/Core.asmdef using Guid(c99fbfd7ae2dc284b96f493883a9a4c5) Importer(815301076,1909f56bfc062723c751e8b465ee728b)  -> (artifact id: '59eaac82fb1d9bd40d079a663ebc70d7') in 0.005623 seconds 
  Import took 0.007913 seconds .

========================================================================
Received Import Request.
  Time since last request: 5.627113 seconds.
  path: Assets/Scripts/Abstractions/Abstractions.asmdef
  artifactKey: Guid(2728968faebc67b4f9216c44328da7f6) Importer(815301076,1909f56bfc062723c751e8b465ee728b)
Start importing Assets/Scripts/Abstractions/Abstractions.asmdef using Guid(2728968faebc67b4f9216c44328da7f6) Importer(815301076,1909f56bfc062723c751e8b465ee728b)  -> (artifact id: '33d371ef4a13a7f994cdeb2b0b183ab7') in 0.005177 seconds 
  Import took 0.007529 seconds .

========================================================================
Received Import Request.
  Time since last request: 48.499806 seconds.
  path: Assets/Scripts/UserControlSystem/UI
  artifactKey: Guid(67d2775ee6bedd244b61ab35b9181bbd) Importer(815301076,1909f56bfc062723c751e8b465ee728b)
Start importing Assets/Scripts/UserControlSystem/UI using Guid(67d2775ee6bedd244b61ab35b9181bbd) Importer(815301076,1909f56bfc062723c751e8b465ee728b)  -> (artifact id: '06916b1852ee77401358827063a02e33') in 0.005618 seconds 
  Import took 0.008150 seconds .

========================================================================
Received Import Request.
  Time since last request: 1.168800 seconds.
  path: Assets/Scripts/UserControlSystem/UI/View
  artifactKey: Guid(61b148be90517ea4bb63177c526ad0b9) Importer(815301076,1909f56bfc062723c751e8b465ee728b)
Start importing Assets/Scripts/UserControlSystem/UI/View using Guid(61b148be90517ea4bb63177c526ad0b9) Importer(815301076,1909f56bfc062723c751e8b465ee728b)  -> (artifact id: '7701cc3dd7221949cee4fdb7deb260fa') in 0.005587 seconds 
  Import took 0.007905 seconds .

========================================================================
Received Import Request.
  Time since last request: 0.067096 seconds.
  path: Assets/Scripts/UserControlSystem/UI/View/View.asmdef
  artifactKey: Guid(4d887ff6863162e42a4c998e6fbed867) Importer(815301076,1909f56bfc062723c751e8b465ee728b)
Start importing Assets/Scripts/UserControlSystem/UI/View/View.asmdef using Guid(4d887ff6863162e42a4c998e6fbed867) Importer(815301076,1909f56bfc062723c751e8b465ee728b)  -> (artifact id: '6ca56b09461c8ccd46189535056f1b56') in 0.002393 seconds 
  Import took 0.004209 seconds .

========================================================================
Received Import Request.
  Time since last request: 29.057737 seconds.
  path: Assets/Scripts/UserControlSystem/UI/Presenter/Presenter.asmdef
  artifactKey: Guid(de05c123335cb594e84fb0a2c69837f7) Importer(815301076,1909f56bfc062723c751e8b465ee728b)
Start importing Assets/Scripts/UserControlSystem/UI/Presenter/Presenter.asmdef using Guid(de05c123335cb594e84fb0a2c69837f7) Importer(815301076,1909f56bfc062723c751e8b465ee728b)  -> (artifact id: '4ca556955fdeb8c04be4d623ac75843e') in 0.005450 seconds 
  Import took 0.007997 seconds .

========================================================================
Received Import Request.
  Time since last request: 1.829293 seconds.
  path: Assets/Scripts/UserControlSystem/UI/Presenter/MouseInteractionPresenter.cs
  artifactKey: Guid(7751111c10f04340acd5d99bc2a8555e) Importer(815301076,1909f56bfc062723c751e8b465ee728b)
Start importing Assets/Scripts/UserControlSystem/UI/Presenter/MouseInteractionPresenter.cs using Guid(7751111c10f04340acd5d99bc2a8555e) Importer(815301076,1909f56bfc062723c751e8b465ee728b)  -> (artifact id: '2b2386433495f2775f50b8db26d2296a') in 0.008626 seconds 
  Import took 0.011463 seconds .

========================================================================
Received Import Request.
  Time since last request: 0.000486 seconds.
  path: Assets/Scripts/UserControlSystem/UI/Presenter/MouseInteractionPresenter.cs
  artifactKey: Guid(7751111c10f04340acd5d99bc2a8555e) Importer(815301076,1909f56bfc062723c751e8b465ee728b)
Start importing Assets/Scripts/UserControlSystem/UI/Presenter/MouseInteractionPresenter.cs using Guid(7751111c10f04340acd5d99bc2a8555e) Importer(815301076,1909f56bfc062723c751e8b465ee728b)  -> (artifact id: '2b2386433495f2775f50b8db26d2296a') in 0.001074 seconds 
  Import took 0.002596 seconds .

========================================================================
Received Import Request.
  Time since last request: 67.075292 seconds.
  path: Assets/ScriptableObject/SelectableValue.asset
  artifactKey: Guid(7141aae4b16134e49af0215b6da77bcf) Importer(815301076,1909f56bfc062723c751e8b465ee728b)
Start importing Assets/ScriptableObject/SelectableValue.asset using Guid(7141aae4b16134e49af0215b6da77bcf) Importer(815301076,1909f56bfc062723c751e8b465ee728b)  -> (artifact id: '4d0296a189e700e327d50c1522e356a5') in 0.013958 seconds 
  Import took 0.016368 seconds .

========================================================================
Received Import Request.
  Time since last request: 53.078739 seconds.
  path: Assets/Prefabs/UI.prefab
  artifactKey: Guid(5dd235a43d36f9347a1a35df441f10d9) Importer(815301076,1909f56bfc062723c751e8b465ee728b)
Start importing Assets/Prefabs/UI.prefab using Guid(5dd235a43d36f9347a1a35df441f10d9) Importer(815301076,1909f56bfc062723c751e8b465ee728b)  -> (artifact id: '9ec7cefcaf7678bbb1863e7c70e7c63d') in 0.071447 seconds 
  Import took 0.074809 seconds .

========================================================================
Received Import Request.
  Time since last request: 77.095607 seconds.
  path: Assets/3D Game Kit - Environment Pack/Environment/Rocks/Materials/CliffBig01_Mat.mat
  artifactKey: Guid(3311bbf097e3ee64ebed88f09c6e5ec1) Importer(815301076,1909f56bfc062723c751e8b465ee728b)
Start importing Assets/3D Game Kit - Environment Pack/Environment/Rocks/Materials/CliffBig01_Mat.mat using Guid(3311bbf097e3ee64ebed88f09c6e5ec1) Importer(815301076,1909f56bfc062723c751e8b465ee728b)  -> (artifact id: '112c10b5ba063e6a148cdae9912d253d') in 0.349074 seconds 
  Import took 0.353664 seconds .

========================================================================
Received Import Request.
  Time since last request: 0.000205 seconds.
  path: Assets/3D Game Kit - Environment Pack/Environment/Rocks/Materials/CliffEdge02_Mat.mat
  artifactKey: Guid(0cf7d47a45bcd864dba9d726d788a924) Importer(815301076,1909f56bfc062723c751e8b465ee728b)
Start importing Assets/3D Game Kit - Environment Pack/Environment/Rocks/Materials/CliffEdge02_Mat.mat using Guid(0cf7d47a45bcd864dba9d726d788a924) Importer(815301076,1909f56bfc062723c751e8b465ee728b)  -> (artifact id: '756d670d5db29352a5b24ade8b395a6f') in 0.017483 seconds 
  Import took 0.019650 seconds .

========================================================================
Received Import Request.
  Time since last request: 0.000178 seconds.
  path: Assets/3D Game Kit - Environment Pack/Environment/Rocks/Materials/CliffEdge03_Mat.mat
  artifactKey: Guid(30b0f587813f86c44b82c48c7733af87) Importer(815301076,1909f56bfc062723c751e8b465ee728b)
Start importing Assets/3D Game Kit - Environment Pack/Environment/Rocks/Materials/CliffEdge03_Mat.mat using Guid(30b0f587813f86c44b82c48c7733af87) Importer(815301076,1909f56bfc062723c751e8b465ee728b)  -> (artifact id: '5ed8a02264059cbf955df1a083805ae1') in 0.015834 seconds 
  Import took 0.017927 seconds .

========================================================================
Received Import Request.
  Time since last request: 0.000158 seconds.
  path: Assets/3D Game Kit - Environment Pack/Environment/Rocks/Materials/Ridge02_Mat.mat
  artifactKey: Guid(2ccd8bf1a9f046849b58082f96cb9ceb) Importer(815301076,1909f56bfc062723c751e8b465ee728b)
Start importing Assets/3D Game Kit - Environment Pack/Environment/Rocks/Materials/Ridge02_Mat.mat using Guid(2ccd8bf1a9f046849b58082f96cb9ceb) Importer(815301076,1909f56bfc062723c751e8b465ee728b)  -> (artifact id: '5684e3565c8ed8ca84d7232560e7d543') in 0.013759 seconds 
  Import took 0.015858 seconds .

========================================================================
Received Import Request.
  Time since last request: 0.000157 seconds.
  path: Assets/3D Game Kit - Environment Pack/Environment/Rocks/Materials/RockFloating02_Mat.mat
  artifactKey: Guid(3b01d315743ae97459ca3d3bd461e4be) Importer(815301076,1909f56bfc062723c751e8b465ee728b)
Start importing Assets/3D Game Kit - Environment Pack/Environment/Rocks/Materials/RockFloating02_Mat.mat using Guid(3b01d315743ae97459ca3d3bd461e4be) Importer(815301076,1909f56bfc062723c751e8b465ee728b)  -> (artifact id: '0bb35d6d4d29137e6b67ebe5c8de8e98') in 0.166539 seconds 
  Import took 0.168602 seconds .

========================================================================
Received Import Request.
  Time since last request: 0.000173 seconds.
  path: Assets/3D Game Kit - Environment Pack/Environment/Rocks/Materials/CliffBig03_Mat.mat
  artifactKey: Guid(7abcaabf588cc994d9e779dedd12f1dc) Importer(815301076,1909f56bfc062723c751e8b465ee728b)
Start importing Assets/3D Game Kit - Environment Pack/Environment/Rocks/Materials/CliffBig03_Mat.mat using Guid(7abcaabf588cc994d9e779dedd12f1dc) Importer(815301076,1909f56bfc062723c751e8b465ee728b)  -> (artifact id: '1bc2d338b9a91342698bc2da63b1d675') in 0.018688 seconds 
  Import took 0.021226 seconds .

========================================================================
Received Import Request.
  Time since last request: 0.000164 seconds.
  path: Assets/3D Game Kit - Environment Pack/Environment/Rocks/Materials/RockChunk01_mat.mat
  artifactKey: Guid(18da08da9c279494e87f918ddfd4197b) Importer(815301076,1909f56bfc062723c751e8b465ee728b)
Start importing Assets/3D Game Kit - Environment Pack/Environment/Rocks/Materials/RockChunk01_mat.mat using Guid(18da08da9c279494e87f918ddfd4197b) Importer(815301076,1909f56bfc062723c751e8b465ee728b)  -> (artifact id: 'ee23ba7fb2f79944a4589200fb2f6fb6') in 0.015378 seconds 
  Import took 0.017463 seconds .

========================================================================
Received Import Request.
  Time since last request: 0.000158 seconds.
  path: Assets/3D Game Kit - Environment Pack/Environment/Rocks/Materials/RockLedge01_Mat.mat
  artifactKey: Guid(00036c34b5ae386428e7e2e5470124e9) Importer(815301076,1909f56bfc062723c751e8b465ee728b)
Start importing Assets/3D Game Kit - Environment Pack/Environment/Rocks/Materials/RockLedge01_Mat.mat using Guid(00036c34b5ae386428e7e2e5470124e9) Importer(815301076,1909f56bfc062723c751e8b465ee728b)  -> (artifact id: 'da45842297f1518833b87369a596156c') in 0.018004 seconds 
  Import took 0.020537 seconds .

========================================================================
Received Import Request.
  Time since last request: 0.000152 seconds.
  path: Assets/3D Game Kit - Environment Pack/Environment/Rocks/Materials/RockLedge02_Mat.mat
  artifactKey: Guid(a997cca723ebe0f49ae9612bde2c80f4) Importer(815301076,1909f56bfc062723c751e8b465ee728b)
Start importing Assets/3D Game Kit - Environment Pack/Environment/Rocks/Materials/RockLedge02_Mat.mat using Guid(a997cca723ebe0f49ae9612bde2c80f4) Importer(815301076,1909f56bfc062723c751e8b465ee728b)  -> (artifact id: 'd19f95cb154c88912d92052dc7e9290e') in 0.018145 seconds 
  Import took 0.020656 seconds .

========================================================================
Received Import Request.
  Time since last request: 0.000142 seconds.
  path: Assets/3D Game Kit - Environment Pack/Environment/Rocks/Materials/RockFloating03_Mat.mat
  artifactKey: Guid(2a8b76488fd1340459de8f96ea4eb868) Importer(815301076,1909f56bfc062723c751e8b465ee728b)
Start importing Assets/3D Game Kit - Environment Pack/Environment/Rocks/Materials/RockFloating03_Mat.mat using Guid(2a8b76488fd1340459de8f96ea4eb868) Importer(815301076,1909f56bfc062723c751e8b465ee728b)  -> (artifact id: 'b061a1728d8cbaff4827f296912bacbd') in 0.013400 seconds 
  Import took 0.015506 seconds .

========================================================================
Received Import Request.
  Time since last request: 0.000177 seconds.
  path: Assets/3D Game Kit - Environment Pack/Environment/Rocks/Materials/CliffEdge04_Mat.mat
  artifactKey: Guid(dddb14a0dd9e90c4392af5b67f34ca7f) Importer(815301076,1909f56bfc062723c751e8b465ee728b)
Start importing Assets/3D Game Kit - Environment Pack/Environment/Rocks/Materials/CliffEdge04_Mat.mat using Guid(dddb14a0dd9e90c4392af5b67f34ca7f) Importer(815301076,1909f56bfc062723c751e8b465ee728b)  -> (artifact id: '8927fd9503bc414689d0869b83d1a38d') in 0.014261 seconds 
  Import took 0.016359 seconds .

========================================================================
Received Import Request.
  Time since last request: 0.000152 seconds.
  path: Assets/3D Game Kit - Environment Pack/Environment/Rocks/Materials/CliffBig02_Mat.mat
  artifactKey: Guid(bb85f42a6fb68ed4f8156a440dff2b79) Importer(815301076,1909f56bfc062723c751e8b465ee728b)
Start importing Assets/3D Game Kit - Environment Pack/Environment/Rocks/Materials/CliffBig02_Mat.mat using Guid(bb85f42a6fb68ed4f8156a440dff2b79) Importer(815301076,1909f56bfc062723c751e8b465ee728b)  -> (artifact id: 'e55b3b2033099691df759c13e486fa7a') in 0.017745 seconds 
  Import took 0.020261 seconds .

========================================================================
Received Import Request.
  Time since last request: 0.000144 seconds.
  path: Assets/3D Game Kit - Environment Pack/Environment/Rocks/Materials/RockFloating04_Mat.mat
  artifactKey: Guid(3ef81e43f26c03a48a716c889d201861) Importer(815301076,1909f56bfc062723c751e8b465ee728b)
Start importing Assets/3D Game Kit - Environment Pack/Environment/Rocks/Materials/RockFloating04_Mat.mat using Guid(3ef81e43f26c03a48a716c889d201861) Importer(815301076,1909f56bfc062723c751e8b465ee728b)  -> (artifact id: 'a6791c45b0878f749aed0a1771ec0a50') in 0.011412 seconds 
  Import took 0.013483 seconds .

========================================================================
Received Import Request.
  Time since last request: 0.000156 seconds.
  path: Assets/3D Game Kit - Environment Pack/Environment/Rocks/Materials/Ridge01_Mat.mat
  artifactKey: Guid(c9fde8d2b739edb458fbb07e275f81d4) Importer(815301076,1909f56bfc062723c751e8b465ee728b)
Start importing Assets/3D Game Kit - Environment Pack/Environment/Rocks/Materials/Ridge01_Mat.mat using Guid(c9fde8d2b739edb458fbb07e275f81d4) Importer(815301076,1909f56bfc062723c751e8b465ee728b)  -> (artifact id: 'ecbc68069efa012f19d4472032ac6534') in 0.013242 seconds 
  Import took 0.015336 seconds .

========================================================================
Received Import Request.
  Time since last request: 0.000149 seconds.
  path: Assets/3D Game Kit - Environment Pack/Environment/Rocks/Materials/RockFloating01_Mat.mat
  artifactKey: Guid(40cfcebf1ef55f74092c951f459bc5c5) Importer(815301076,1909f56bfc062723c751e8b465ee728b)
Start importing Assets/3D Game Kit - Environment Pack/Environment/Rocks/Materials/RockFloating01_Mat.mat using Guid(40cfcebf1ef55f74092c951f459bc5c5) Importer(815301076,1909f56bfc062723c751e8b465ee728b)  -> (artifact id: '7ade08d7790107de672eecbf4bf787a5') in 0.011600 seconds 
  Import took 0.013676 seconds .

========================================================================
Received Import Request.
  Time since last request: 0.000155 seconds.
  path: Assets/3D Game Kit - Environment Pack/Environment/Rocks/Materials/RockSwamp01_Mat.mat
  artifactKey: Guid(fe425a2fd02d81a4a8cffb98bd444c5d) Importer(815301076,1909f56bfc062723c751e8b465ee728b)
Start importing Assets/3D Game Kit - Environment Pack/Environment/Rocks/Materials/RockSwamp01_Mat.mat using Guid(fe425a2fd02d81a4a8cffb98bd444c5d) Importer(815301076,1909f56bfc062723c751e8b465ee728b)  -> (artifact id: 'ccca91e2da15513d22d2e42242a139b6') in 0.013869 seconds 
  Import took 0.015992 seconds .

========================================================================
Received Import Request.
  Time since last request: 0.000147 seconds.
  path: Assets/3D Game Kit - Environment Pack/Environment/Rocks/Materials/CliffEdge01_Mat.mat
  artifactKey: Guid(6f0341037674d6f46bf972bcfd328255) Importer(815301076,1909f56bfc062723c751e8b465ee728b)
Start importing Assets/3D Game Kit - Environment Pack/Environment/Rocks/Materials/CliffEdge01_Mat.mat using Guid(6f0341037674d6f46bf972bcfd328255) Importer(815301076,1909f56bfc062723c751e8b465ee728b)  -> (artifact id: '44207dc4d2b79f2886cdbb3a02a9e9b2') in 0.015968 seconds 
  Import took 0.018061 seconds .

========================================================================
Received Import Request.
  Time since last request: 0.000163 seconds.
  path: Assets/3D Game Kit - Environment Pack/Environment/Rocks/Materials/SmallRocks_mat.mat
  artifactKey: Guid(24b3cf5e007db204db421522f1ec1592) Importer(815301076,1909f56bfc062723c751e8b465ee728b)
Start importing Assets/3D Game Kit - Environment Pack/Environment/Rocks/Materials/SmallRocks_mat.mat using Guid(24b3cf5e007db204db421522f1ec1592) Importer(815301076,1909f56bfc062723c751e8b465ee728b)  -> (artifact id: '4f856bb904732d5b4da51c38b322c17c') in 0.123330 seconds 
  Import took 0.125406 seconds .

========================================================================
Received Import Request.
  Time since last request: 1.126385 seconds.
  path: Assets/3D Game Kit - Environment Pack/Environment/Rocks/Models/CliffBig01.fbx
  artifactKey: Guid(843d122e5e84aa84db8a1036fe1d3dd8) Importer(815301076,1909f56bfc062723c751e8b465ee728b)
Start importing Assets/3D Game Kit - Environment Pack/Environment/Rocks/Models/CliffBig01.fbx using Guid(843d122e5e84aa84db8a1036fe1d3dd8) Importer(815301076,1909f56bfc062723c751e8b465ee728b)  -> (artifact id: '16a2f5bda47c5f3b33735019ee0f3648') in 0.259435 seconds 
  Import took 0.264048 seconds .

========================================================================
Received Import Request.
  Time since last request: 0.000182 seconds.
  path: Assets/3D Game Kit - Environment Pack/Environment/Rocks/Models/CliffEdge02.fbx
  artifactKey: Guid(0bbfe428d424d304b8e01a34fbfaa932) Importer(815301076,1909f56bfc062723c751e8b465ee728b)
Start importing Assets/3D Game Kit - Environment Pack/Environment/Rocks/Models/CliffEdge02.fbx using Guid(0bbfe428d424d304b8e01a34fbfaa932) Importer(815301076,1909f56bfc062723c751e8b465ee728b)  -> (artifact id: '62a4778be4aea6b86dba0d421d2f9e37') in 0.031291 seconds 
  Import took 0.033666 seconds .

========================================================================
Received Import Request.
  Time since last request: 0.000177 seconds.
  path: Assets/3D Game Kit - Environment Pack/Environment/Rocks/Models/CliffBig03.fbx
  artifactKey: Guid(362e8229a15ec8740aca91e6ec290477) Importer(815301076,1909f56bfc062723c751e8b465ee728b)
Start importing Assets/3D Game Kit - Environment Pack/Environment/Rocks/Models/CliffBig03.fbx using Guid(362e8229a15ec8740aca91e6ec290477) Importer(815301076,1909f56bfc062723c751e8b465ee728b)  -> (artifact id: '96ddd387560c3f165cbf8fd94a1795d5') in 0.034413 seconds 
  Import took 0.037058 seconds .

========================================================================
Received Import Request.
  Time since last request: 0.000180 seconds.
  path: Assets/3D Game Kit - Environment Pack/Environment/Rocks/Models/RockSwamp01.fbx
  artifactKey: Guid(0e7a0cbe96ebe3747a42d2e165016ddc) Importer(815301076,1909f56bfc062723c751e8b465ee728b)
Start importing Assets/3D Game Kit - Environment Pack/Environment/Rocks/Models/RockSwamp01.fbx using Guid(0e7a0cbe96ebe3747a42d2e165016ddc) Importer(815301076,1909f56bfc062723c751e8b465ee728b)  -> (artifact id: 'c6395ee8a34cb0919cfb6fc8550c6ba3') in 0.029065 seconds 
  Import took 0.031223 seconds .

========================================================================
Received Import Request.
  Time since last request: 0.000165 seconds.
  path: Assets/3D Game Kit - Environment Pack/Environment/Rocks/Models/Ridge01.fbx
  artifactKey: Guid(c5712480ad7732348bdc1eedb4b0b25c) Importer(815301076,1909f56bfc062723c751e8b465ee728b)
Start importing Assets/3D Game Kit - Environment Pack/Environment/Rocks/Models/Ridge01.fbx using Guid(c5712480ad7732348bdc1eedb4b0b25c) Importer(815301076,1909f56bfc062723c751e8b465ee728b)  -> (artifact id: '50515688443c373e6fdaf6d4eec0a8bd') in 0.029255 seconds 
  Import took 0.031431 seconds .

========================================================================
Received Import Request.
  Time since last request: 0.000163 seconds.
  path: Assets/3D Game Kit - Environment Pack/Environment/Rocks/Models/RockFloating02.fbx
  artifactKey: Guid(28deb9f2de69da84a8b4690810e91ebb) Importer(815301076,1909f56bfc062723c751e8b465ee728b)
Start importing Assets/3D Game Kit - Environment Pack/Environment/Rocks/Models/RockFloating02.fbx using Guid(28deb9f2de69da84a8b4690810e91ebb) Importer(815301076,1909f56bfc062723c751e8b465ee728b)  -> (artifact id: '1cc63bd4b07ac0c1911da9e115f36938') in 0.026875 seconds 
  Import took 0.029033 seconds .

========================================================================
Received Import Request.
  Time since last request: 0.000246 seconds.
  path: Assets/3D Game Kit - Environment Pack/Environment/Rocks/Models/RockFloating03.fbx
  artifactKey: Guid(ee66908065bbfd749bae2cde22f0ad46) Importer(815301076,1909f56bfc062723c751e8b465ee728b)
Start importing Assets/3D Game Kit - Environment Pack/Environment/Rocks/Models/RockFloating03.fbx using Guid(ee66908065bbfd749bae2cde22f0ad46) Importer(815301076,1909f56bfc062723c751e8b465ee728b)  -> (artifact id: '5a5fbed3350eb8699009f0b2d815d98e') in 0.029403 seconds 
  Import took 0.031600 seconds .

========================================================================
Received Import Request.
  Time since last request: 0.000162 seconds.
  path: Assets/3D Game Kit - Environment Pack/Environment/Rocks/Models/RockLedge01.fbx
  artifactKey: Guid(21880eb3f26ed7f4ea0648ac43fd486a) Importer(815301076,1909f56bfc062723c751e8b465ee728b)
Start importing Assets/3D Game Kit - Environment Pack/Environment/Rocks/Models/RockLedge01.fbx using Guid(21880eb3f26ed7f4ea0648ac43fd486a) Importer(815301076,1909f56bfc062723c751e8b465ee728b)  -> (artifact id: 'f8d03aec1235461a3563990e21e2cf91') in 0.033904 seconds 
  Import took 0.036495 seconds .

========================================================================
Received Import Request.
  Time since last request: 0.000162 seconds.
  path: Assets/3D Game Kit - Environment Pack/Environment/Rocks/Models/CliffEdge03.fbx
  artifactKey: Guid(7acb6b7ad4c81464185b5008078f2118) Importer(815301076,1909f56bfc062723c751e8b465ee728b)
Start importing Assets/3D Game Kit - Environment Pack/Environment/Rocks/Models/CliffEdge03.fbx using Guid(7acb6b7ad4c81464185b5008078f2118) Importer(815301076,1909f56bfc062723c751e8b465ee728b)  -> (artifact id: 'bdc6aa286eb08a27f4b8eb2338830ab6') in 0.028558 seconds 
  Import took 0.030687 seconds .

========================================================================
Received Import Request.
  Time since last request: 0.000152 seconds.
  path: Assets/3D Game Kit - Environment Pack/Environment/Rocks/Models/CliffEdge01.fbx
  artifactKey: Guid(04fa4995cb1cfcd4eb8dc1defa230c89) Importer(815301076,1909f56bfc062723c751e8b465ee728b)
Start importing Assets/3D Game Kit - Environment Pack/Environment/Rocks/Models/CliffEdge01.fbx using Guid(04fa4995cb1cfcd4eb8dc1defa230c89) Importer(815301076,1909f56bfc062723c751e8b465ee728b)  -> (artifact id: 'fa8df7f6606f93ee8f5ff968e6956391') in 0.029713 seconds 
  Import took 0.031898 seconds .

========================================================================
Received Import Request.
  Time since last request: 0.000154 seconds.
  path: Assets/3D Game Kit - Environment Pack/Environment/Rocks/Models/RockFloating04.fbx
  artifactKey: Guid(212368ab19d8225429a208adc2442249) Importer(815301076,1909f56bfc062723c751e8b465ee728b)
Start importing Assets/3D Game Kit - Environment Pack/Environment/Rocks/Models/RockFloating04.fbx using Guid(212368ab19d8225429a208adc2442249) Importer(815301076,1909f56bfc062723c751e8b465ee728b)  -> (artifact id: '41448fab0de1fa9ca5c9a76d92044d04') in 0.028675 seconds 
  Import took 0.030852 seconds .

========================================================================
Received Import Request.
  Time since last request: 0.000193 seconds.
  path: Assets/3D Game Kit - Environment Pack/Environment/Rocks/Models/CliffBig02.fbx
  artifactKey: Guid(4c27bf02daa2a7248821d10516e3a864) Importer(815301076,1909f56bfc062723c751e8b465ee728b)
Start importing Assets/3D Game Kit - Environment Pack/Environment/Rocks/Models/CliffBig02.fbx using Guid(4c27bf02daa2a7248821d10516e3a864) Importer(815301076,1909f56bfc062723c751e8b465ee728b)  -> (artifact id: 'd24c274b8802b4deb2df693b8dc9632c') in 0.033385 seconds 
  Import took 0.036019 seconds .

========================================================================
Received Import Request.
  Time since last request: 0.000188 seconds.
  path: Assets/3D Game Kit - Environment Pack/Environment/Rocks/Models/SmallRock02.fbx
  artifactKey: Guid(fef53f08537c45b45b13802e05610943) Importer(815301076,1909f56bfc062723c751e8b465ee728b)
Start importing Assets/3D Game Kit - Environment Pack/Environment/Rocks/Models/SmallRock02.fbx using Guid(fef53f08537c45b45b13802e05610943) Importer(815301076,1909f56bfc062723c751e8b465ee728b)  -> (artifact id: '9f4e2d97067db4117ab48901829a7772') in 0.012301 seconds 
  Import took 0.014550 seconds .

========================================================================
Received Import Request.
  Time since last request: 0.000197 seconds.
  path: Assets/3D Game Kit - Environment Pack/Environment/Rocks/Models/Ridge02.fbx
  artifactKey: Guid(14de1b0cd6881d94187e1deb3d02986a) Importer(815301076,1909f56bfc062723c751e8b465ee728b)
Start importing Assets/3D Game Kit - Environment Pack/Environment/Rocks/Models/Ridge02.fbx using Guid(14de1b0cd6881d94187e1deb3d02986a) Importer(815301076,1909f56bfc062723c751e8b465ee728b)  -> (artifact id: 'e212a8ac8e492274d6be86dbcb472495') in 0.029721 seconds 
  Import took 0.031938 seconds .

========================================================================
Received Import Request.
  Time since last request: 0.000161 seconds.
  path: Assets/3D Game Kit - Environment Pack/Environment/Rocks/Models/SmallRock03.fbx
  artifactKey: Guid(444c567cdf5dbb548861108ecae53204) Importer(815301076,1909f56bfc062723c751e8b465ee728b)
Start importing Assets/3D Game Kit - Environment Pack/Environment/Rocks/Models/SmallRock03.fbx using Guid(444c567cdf5dbb548861108ecae53204) Importer(815301076,1909f56bfc062723c751e8b465ee728b)  -> (artifact id: 'e160928deec0333f0b6acc37b5a93f43') in 0.012673 seconds 
  Import took 0.014800 seconds .

========================================================================
Received Import Request.
  Time since last request: 0.000162 seconds.
  path: Assets/3D Game Kit - Environment Pack/Environment/Rocks/Models/RockFloating01.fbx
  artifactKey: Guid(2be1311ba057652448cee2e5e7f1e84b) Importer(815301076,1909f56bfc062723c751e8b465ee728b)
Start importing Assets/3D Game Kit - Environment Pack/Environment/Rocks/Models/RockFloating01.fbx using Guid(2be1311ba057652448cee2e5e7f1e84b) Importer(815301076,1909f56bfc062723c751e8b465ee728b)  -> (artifact id: '8788463cdcc27126fde8326c24af4a48') in 0.025339 seconds 
  Import took 0.027477 seconds .

========================================================================
Received Import Request.
  Time since last request: 0.000173 seconds.
  path: Assets/3D Game Kit - Environment Pack/Environment/Rocks/Models/CliffEdge04.fbx
  artifactKey: Guid(810a1b223d1ae12409785d307cb074cb) Importer(815301076,1909f56bfc062723c751e8b465ee728b)
Start importing Assets/3D Game Kit - Environment Pack/Environment/Rocks/Models/CliffEdge04.fbx using Guid(810a1b223d1ae12409785d307cb074cb) Importer(815301076,1909f56bfc062723c751e8b465ee728b)  -> (artifact id: 'a8e1d054d914969a3456b78481108a77') in 0.027606 seconds 
  Import took 0.029747 seconds .

========================================================================
Received Import Request.
  Time since last request: 0.000206 seconds.
  path: Assets/3D Game Kit - Environment Pack/Environment/Rocks/Models/RockChunk01.fbx
  artifactKey: Guid(6faa4076a385e5e42a2cabd7f38a7b56) Importer(815301076,1909f56bfc062723c751e8b465ee728b)
Start importing Assets/3D Game Kit - Environment Pack/Environment/Rocks/Models/RockChunk01.fbx using Guid(6faa4076a385e5e42a2cabd7f38a7b56) Importer(815301076,1909f56bfc062723c751e8b465ee728b)  -> (artifact id: '0d772e1b4293d6a47c63f8f1a120c3b9') in 0.030962 seconds 
  Import took 0.033130 seconds .

========================================================================
Received Import Request.
  Time since last request: 0.000162 seconds.
  path: Assets/3D Game Kit - Environment Pack/Environment/Rocks/Models/RockLedge02.fbx
  artifactKey: Guid(a4181c3067a7a5c448ec8fca35647597) Importer(815301076,1909f56bfc062723c751e8b465ee728b)
Start importing Assets/3D Game Kit - Environment Pack/Environment/Rocks/Models/RockLedge02.fbx using Guid(a4181c3067a7a5c448ec8fca35647597) Importer(815301076,1909f56bfc062723c751e8b465ee728b)  -> (artifact id: '7447a5dfb3d787addb41328438815c8b') in 0.034980 seconds 
  Import took 0.037620 seconds .

========================================================================
Received Import Request.
  Time since last request: 0.000169 seconds.
  path: Assets/3D Game Kit - Environment Pack/Environment/Rocks/Models/SmallRock01.fbx
  artifactKey: Guid(716aa1302ba12d04289cac00ae054a73) Importer(815301076,1909f56bfc062723c751e8b465ee728b)
Start importing Assets/3D Game Kit - Environment Pack/Environment/Rocks/Models/SmallRock01.fbx using Guid(716aa1302ba12d04289cac00ae054a73) Importer(815301076,1909f56bfc062723c751e8b465ee728b)  -> (artifact id: 'ac04e1365df7c5c377a11379f712f281') in 0.014587 seconds 
  Import took 0.016872 seconds .

========================================================================
Received Import Request.
  Time since last request: 0.001836 seconds.
  path: Assets/3D Game Kit - Environment Pack/Environment/Rocks/Models/SmallRock01.fbx
  artifactKey: Guid(716aa1302ba12d04289cac00ae054a73) Importer(815301076,1909f56bfc062723c751e8b465ee728b)
Start importing Assets/3D Game Kit - Environment Pack/Environment/Rocks/Models/SmallRock01.fbx using Guid(716aa1302ba12d04289cac00ae054a73) Importer(815301076,1909f56bfc062723c751e8b465ee728b)  -> (artifact id: 'ac04e1365df7c5c377a11379f712f281') in 0.012094 seconds 
  Import took 0.014512 seconds .

========================================================================
Received Import Request.
  Time since last request: 5.660625 seconds.
  path: Assets/3D Game Kit - Environment Pack/Environment/Vegetation/Large/Models
  artifactKey: Guid(b1da957a36cf2364c951e9cbfc66b865) Importer(815301076,1909f56bfc062723c751e8b465ee728b)
Start importing Assets/3D Game Kit - Environment Pack/Environment/Vegetation/Large/Models using Guid(b1da957a36cf2364c951e9cbfc66b865) Importer(815301076,1909f56bfc062723c751e8b465ee728b)  -> (artifact id: '6ed3e93d6bd76cacef3fae3fab0c54b8') in 0.004845 seconds 
  Import took 0.007465 seconds .

========================================================================
Received Import Request.
  Time since last request: 0.064179 seconds.
  path: Assets/3D Game Kit - Environment Pack/Environment/Vegetation/Large/Models/VegetationLarge01.fbx
  artifactKey: Guid(528bcfb2338ecb2418b75a2b59da9848) Importer(815301076,1909f56bfc062723c751e8b465ee728b)
Start importing Assets/3D Game Kit - Environment Pack/Environment/Vegetation/Large/Models/VegetationLarge01.fbx using Guid(528bcfb2338ecb2418b75a2b59da9848) Importer(815301076,1909f56bfc062723c751e8b465ee728b)  -> (artifact id: '962074e789a731daa89654f4d0d5b8e6') in 0.177165 seconds 
  Import took 0.179688 seconds .

========================================================================
Received Import Request.
  Time since last request: 0.000152 seconds.
  path: Assets/3D Game Kit - Environment Pack/Environment/Vegetation/Large/Models/VegetationLarge04.fbx
  artifactKey: Guid(50b92cf3f08f03745bbc74de550c2dc7) Importer(815301076,1909f56bfc062723c751e8b465ee728b)
Start importing Assets/3D Game Kit - Environment Pack/Environment/Vegetation/Large/Models/VegetationLarge04.fbx using Guid(50b92cf3f08f03745bbc74de550c2dc7) Importer(815301076,1909f56bfc062723c751e8b465ee728b)  -> (artifact id: '15a67dd2176fe9c78e8dc4fcf53cb0b6') in 0.031949 seconds 
  Import took 0.034251 seconds .

========================================================================
Received Import Request.
  Time since last request: 0.000201 seconds.
  path: Assets/3D Game Kit - Environment Pack/Environment/Vegetation/Large/Models/VegetationLarge06.fbx
  artifactKey: Guid(80322bf1c46281b42b1197ea37d48332) Importer(815301076,1909f56bfc062723c751e8b465ee728b)
Start importing Assets/3D Game Kit - Environment Pack/Environment/Vegetation/Large/Models/VegetationLarge06.fbx using Guid(80322bf1c46281b42b1197ea37d48332) Importer(815301076,1909f56bfc062723c751e8b465ee728b)  -> (artifact id: 'becc8684fb39f41179c528b88f506545') in 0.032522 seconds 
  Import took 0.034882 seconds .

========================================================================
Received Import Request.
  Time since last request: 0.000219 seconds.
  path: Assets/3D Game Kit - Environment Pack/Environment/Vegetation/Large/Models/VegetationLarge03.fbx
  artifactKey: Guid(963d66c7000d793448bc1424962886ab) Importer(815301076,1909f56bfc062723c751e8b465ee728b)
Start importing Assets/3D Game Kit - Environment Pack/Environment/Vegetation/Large/Models/VegetationLarge03.fbx using Guid(963d66c7000d793448bc1424962886ab) Importer(815301076,1909f56bfc062723c751e8b465ee728b)  -> (artifact id: '0964a207f6a70ba30b8c9f104ba41120') in 0.028630 seconds 
  Import took 0.030812 seconds .

========================================================================
Received Import Request.
  Time since last request: 0.000158 seconds.
  path: Assets/3D Game Kit - Environment Pack/Environment/Vegetation/Large/Models/VegetationLarge03_02.fbx
  artifactKey: Guid(8eaceb728e8170e4ea6bde32da984bc7) Importer(815301076,1909f56bfc062723c751e8b465ee728b)
Start importing Assets/3D Game Kit - Environment Pack/Environment/Vegetation/Large/Models/VegetationLarge03_02.fbx using Guid(8eaceb728e8170e4ea6bde32da984bc7) Importer(815301076,1909f56bfc062723c751e8b465ee728b)  -> (artifact id: '8c103d9934fdee9e36c0860f6914310e') in 0.027939 seconds 
  Import took 0.030091 seconds .

========================================================================
Received Import Request.
  Time since last request: 0.000172 seconds.
  path: Assets/3D Game Kit - Environment Pack/Environment/Vegetation/Large/Models/VegetationLarge05_02.fbx
  artifactKey: Guid(48e9b3f8587ad7e46afa325dad953978) Importer(815301076,1909f56bfc062723c751e8b465ee728b)
Start importing Assets/3D Game Kit - Environment Pack/Environment/Vegetation/Large/Models/VegetationLarge05_02.fbx using Guid(48e9b3f8587ad7e46afa325dad953978) Importer(815301076,1909f56bfc062723c751e8b465ee728b)  -> (artifact id: '1cd4914114c721a5fac24d66fb14d7f4') in 0.028213 seconds 
  Import took 0.030352 seconds .

========================================================================
Received Import Request.
  Time since last request: 0.000153 seconds.
  path: Assets/3D Game Kit - Environment Pack/Environment/Vegetation/Large/Models/VegetationLarge07.fbx
  artifactKey: Guid(86873b3ddd4a1a548a9d25799c621b3d) Importer(815301076,1909f56bfc062723c751e8b465ee728b)
Start importing Assets/3D Game Kit - Environment Pack/Environment/Vegetation/Large/Models/VegetationLarge07.fbx using Guid(86873b3ddd4a1a548a9d25799c621b3d) Importer(815301076,1909f56bfc062723c751e8b465ee728b)  -> (artifact id: 'ee97d0fcc4d146d368182aaa36ddb405') in 0.028731 seconds 
  Import took 0.030909 seconds .

========================================================================
Received Import Request.
  Time since last request: 0.000161 seconds.
  path: Assets/3D Game Kit - Environment Pack/Environment/Vegetation/Large/Models/VegetationLarge01_02.fbx
  artifactKey: Guid(f19200800740c5549b0e845fc0a9bc4d) Importer(815301076,1909f56bfc062723c751e8b465ee728b)
Start importing Assets/3D Game Kit - Environment Pack/Environment/Vegetation/Large/Models/VegetationLarge01_02.fbx using Guid(f19200800740c5549b0e845fc0a9bc4d) Importer(815301076,1909f56bfc062723c751e8b465ee728b)  -> (artifact id: '8d87c44fbdeb59f757066522c83b27af') in 0.030223 seconds 
  Import took 0.032430 seconds .

========================================================================
Received Import Request.
  Time since last request: 0.000190 seconds.
  path: Assets/3D Game Kit - Environment Pack/Environment/Vegetation/Large/Models/VegetationLarge02.fbx
  artifactKey: Guid(f119fa83f1038ac4b833f21a41cae9d1) Importer(815301076,1909f56bfc062723c751e8b465ee728b)
Start importing Assets/3D Game Kit - Environment Pack/Environment/Vegetation/Large/Models/VegetationLarge02.fbx using Guid(f119fa83f1038ac4b833f21a41cae9d1) Importer(815301076,1909f56bfc062723c751e8b465ee728b)  -> (artifact id: 'e33070c552f47e75ae4104e29ff0ed43') in 0.028079 seconds 
  Import took 0.030223 seconds .

========================================================================
Received Import Request.
  Time since last request: 0.000251 seconds.
  path: Assets/3D Game Kit - Environment Pack/Environment/Vegetation/Large/Models/VegetationLarge05.fbx
  artifactKey: Guid(d64fd6a0931b7a34389216abb957525d) Importer(815301076,1909f56bfc062723c751e8b465ee728b)
Start importing Assets/3D Game Kit - Environment Pack/Environment/Vegetation/Large/Models/VegetationLarge05.fbx using Guid(d64fd6a0931b7a34389216abb957525d) Importer(815301076,1909f56bfc062723c751e8b465ee728b)  -> (artifact id: '8540f72c873f2be7479f155934395561') in 0.028344 seconds 
  Import took 0.030517 seconds .

========================================================================
Received Prepare
Registering precompiled user dll's ...
Registered in 0.002013 seconds.
Begin MonoManager ReloadAssembly
Native extension for WindowsStandalone target not found
Refreshing native plugins compatible for Editor in 0.43 ms, found 2 plugins.
Preloading 0 native plugins for Editor in 0.00 ms.
Mono: successfully reloaded assembly
- Completed reload, in  0.767 seconds
Domain Reload Profiling:
	ReloadAssembly (768ms)
		BeginReloadAssembly (95ms)
			ExecutionOrderSort (0ms)
			DisableScriptedObjects (3ms)
			BackupInstance (0ms)
			ReleaseScriptingObjects (0ms)
			CreateAndSetChildDomain (28ms)
		EndReloadAssembly (626ms)
			LoadAssemblies (61ms)
			RebuildTransferFunctionScriptingTraits (0ms)
			SetupTypeCache (201ms)
			ReleaseScriptCaches (1ms)
			RebuildScriptCaches (29ms)
			SetupLoadedEditorAssemblies (259ms)
				LogAssemblyErrors (0ms)
				InitializePlatformSupportModulesInManaged (4ms)
				SetLoadedEditorAssemblies (0ms)
				RefreshPlugins (0ms)
				BeforeProcessingInitializeOnLoad (61ms)
				ProcessInitializeOnLoadAttributes (188ms)
				ProcessInitializeOnLoadMethodAttributes (3ms)
				AfterProcessingInitializeOnLoad (2ms)
				EditorAssembliesLoaded (0ms)
			ExecutionOrderSort2 (0ms)
			AwakeInstancesAfterBackupRestoration (5ms)
Platform modules already initialized, skipping
Refreshing native plugins compatible for Editor in 0.43 ms, found 2 plugins.
Preloading 0 native plugins for Editor in 0.00 ms.
Unloading 1397 Unused Serialized files (Serialized files now loaded: 0)
System memory in use before: 76.3 MB.
System memory in use after: 76.4 MB.

Unloading 15 unused Assets to reduce memory usage. Loaded Objects now: 1907.
Total: 2.593600 ms (FindLiveObjects: 0.151900 ms CreateObjectMapping: 0.030100 ms MarkObjects: 2.389200 ms  DeleteObjects: 0.021600 ms)

AssetImportParameters requested are different than current active one (requested -> active):
  custom:framework-win-MediaFoundation: 216162199b28c13a410421893ffa2e32 -> 
  custom:video-decoder-ogg-theora: a1e56fd34408186e4bbccfd4996cb3dc -> 
  custom:container-muxer-webm: aa71ff27fc2769a1b78a27578f13a17b -> 
  custom:container-demuxer-webm: 4f35f7cbe854078d1ac9338744f61a02 -> 
  custom:container-demuxer-ogg: 62fdf1f143b41e24485cea50d1cbac27 -> 
  custom:video-encoder-webm-vp8: eb34c28f22e8b96e1ab97ce403110664 -> 
  custom:video-decoder-webm-vp8: 9c59270c3fd7afecdb556c50c9e8de78 -> 
  custom:audio-decoder-ogg-vorbis: bf7c407c2cedff20999df2af8eb42d56 -> 
  custom:audio-encoder-webm-vorbis: bf7c407c2cedff20999df2af8eb42d56 -> 
========================================================================
Received Prepare
Registering precompiled user dll's ...
Registered in 0.001958 seconds.
Begin MonoManager ReloadAssembly
Native extension for WindowsStandalone target not found
Refreshing native plugins compatible for Editor in 0.45 ms, found 2 plugins.
Preloading 0 native plugins for Editor in 0.00 ms.
Mono: successfully reloaded assembly
- Completed reload, in  0.750 seconds
Domain Reload Profiling:
	ReloadAssembly (751ms)
		BeginReloadAssembly (81ms)
			ExecutionOrderSort (0ms)
			DisableScriptedObjects (3ms)
			BackupInstance (0ms)
			ReleaseScriptingObjects (0ms)
			CreateAndSetChildDomain (26ms)
		EndReloadAssembly (623ms)
			LoadAssemblies (61ms)
			RebuildTransferFunctionScriptingTraits (0ms)
			SetupTypeCache (200ms)
			ReleaseScriptCaches (1ms)
			RebuildScriptCaches (30ms)
			SetupLoadedEditorAssemblies (258ms)
				LogAssemblyErrors (0ms)
				InitializePlatformSupportModulesInManaged (4ms)
				SetLoadedEditorAssemblies (0ms)
				RefreshPlugins (0ms)
				BeforeProcessingInitializeOnLoad (61ms)
				ProcessInitializeOnLoadAttributes (187ms)
				ProcessInitializeOnLoadMethodAttributes (3ms)
				AfterProcessingInitializeOnLoad (2ms)
				EditorAssembliesLoaded (0ms)
			ExecutionOrderSort2 (0ms)
			AwakeInstancesAfterBackupRestoration (5ms)
Platform modules already initialized, skipping
Refreshing native plugins compatible for Editor in 0.44 ms, found 2 plugins.
Preloading 0 native plugins for Editor in 0.00 ms.
Unloading 1397 Unused Serialized files (Serialized files now loaded: 0)
System memory in use before: 76.4 MB.
System memory in use after: 76.5 MB.

Unloading 13 unused Assets to reduce memory usage. Loaded Objects now: 1909.
Total: 2.636600 ms (FindLiveObjects: 0.150700 ms CreateObjectMapping: 0.030400 ms MarkObjects: 2.441200 ms  DeleteObjects: 0.013600 ms)

AssetImportParameters requested are different than current active one (requested -> active):
  custom:framework-win-MediaFoundation: 216162199b28c13a410421893ffa2e32 -> 
  custom:video-decoder-ogg-theora: a1e56fd34408186e4bbccfd4996cb3dc -> 
  custom:container-muxer-webm: aa71ff27fc2769a1b78a27578f13a17b -> 
  custom:container-demuxer-webm: 4f35f7cbe854078d1ac9338744f61a02 -> 
  custom:container-demuxer-ogg: 62fdf1f143b41e24485cea50d1cbac27 -> 
  custom:video-encoder-webm-vp8: eb34c28f22e8b96e1ab97ce403110664 -> 
  custom:video-decoder-webm-vp8: 9c59270c3fd7afecdb556c50c9e8de78 -> 
  custom:audio-decoder-ogg-vorbis: bf7c407c2cedff20999df2af8eb42d56 -> 
  custom:audio-encoder-webm-vorbis: bf7c407c2cedff20999df2af8eb42d56 -> 
========================================================================
Received Import Request.
  Time since last request: 395.980537 seconds.
  path: Assets/Prefabs/MainBuilding Variant.prefab
  artifactKey: Guid(c14b1e21556b0c440acc95599536561d) Importer(815301076,1909f56bfc062723c751e8b465ee728b)
Start importing Assets/Prefabs/MainBuilding Variant.prefab using Guid(c14b1e21556b0c440acc95599536561d) Importer(815301076,1909f56bfc062723c751e8b465ee728b)  -> (artifact id: 'aea5e5d7f00942540ddfb67901a81694') in 0.052723 seconds 
  Import took 0.055302 seconds .

========================================================================
Received Import Request.
  Time since last request: 3.656676 seconds.
  path: Assets/Prefabs/Chomper Variant.prefab
  artifactKey: Guid(a2c15c9caef80ee4da4cf3006d6e8fcc) Importer(815301076,1909f56bfc062723c751e8b465ee728b)
Start importing Assets/Prefabs/Chomper Variant.prefab using Guid(a2c15c9caef80ee4da4cf3006d6e8fcc) Importer(815301076,1909f56bfc062723c751e8b465ee728b)  -> (artifact id: '00715ea5944b1623a0e344c96e99e747') in 0.036562 seconds 
  Import took 0.040859 seconds .

========================================================================
Received Prepare
Registering precompiled user dll's ...
Registered in 0.001979 seconds.
Begin MonoManager ReloadAssembly
Native extension for WindowsStandalone target not found
Refreshing native plugins compatible for Editor in 0.46 ms, found 2 plugins.
Preloading 0 native plugins for Editor in 0.00 ms.
Mono: successfully reloaded assembly
- Completed reload, in  0.759 seconds
Domain Reload Profiling:
	ReloadAssembly (759ms)
		BeginReloadAssembly (90ms)
			ExecutionOrderSort (0ms)
			DisableScriptedObjects (3ms)
			BackupInstance (0ms)
			ReleaseScriptingObjects (0ms)
			CreateAndSetChildDomain (26ms)
		EndReloadAssembly (623ms)
			LoadAssemblies (61ms)
			RebuildTransferFunctionScriptingTraits (0ms)
			SetupTypeCache (199ms)
			ReleaseScriptCaches (1ms)
			RebuildScriptCaches (30ms)
			SetupLoadedEditorAssemblies (258ms)
				LogAssemblyErrors (0ms)
				InitializePlatformSupportModulesInManaged (4ms)
				SetLoadedEditorAssemblies (0ms)
				RefreshPlugins (1ms)
				BeforeProcessingInitializeOnLoad (61ms)
				ProcessInitializeOnLoadAttributes (187ms)
				ProcessInitializeOnLoadMethodAttributes (3ms)
				AfterProcessingInitializeOnLoad (2ms)
				EditorAssembliesLoaded (0ms)
			ExecutionOrderSort2 (0ms)
			AwakeInstancesAfterBackupRestoration (5ms)
Platform modules already initialized, skipping
Refreshing native plugins compatible for Editor in 0.46 ms, found 2 plugins.
Preloading 0 native plugins for Editor in 0.00 ms.
Unloading 1397 Unused Serialized files (Serialized files now loaded: 0)
System memory in use before: 90.1 MB.
System memory in use after: 90.2 MB.

Unloading 13 unused Assets to reduce memory usage. Loaded Objects now: 1913.
Total: 2.717100 ms (FindLiveObjects: 0.160000 ms CreateObjectMapping: 0.036300 ms MarkObjects: 2.501900 ms  DeleteObjects: 0.017700 ms)

AssetImportParameters requested are different than current active one (requested -> active):
  custom:framework-win-MediaFoundation: 216162199b28c13a410421893ffa2e32 -> 
  custom:video-decoder-ogg-theora: a1e56fd34408186e4bbccfd4996cb3dc -> 
  custom:container-muxer-webm: aa71ff27fc2769a1b78a27578f13a17b -> 
  custom:container-demuxer-webm: 4f35f7cbe854078d1ac9338744f61a02 -> 
  custom:container-demuxer-ogg: 62fdf1f143b41e24485cea50d1cbac27 -> 
  custom:video-encoder-webm-vp8: eb34c28f22e8b96e1ab97ce403110664 -> 
  custom:video-decoder-webm-vp8: 9c59270c3fd7afecdb556c50c9e8de78 -> 
  custom:audio-decoder-ogg-vorbis: bf7c407c2cedff20999df2af8eb42d56 -> 
  custom:audio-encoder-webm-vorbis: bf7c407c2cedff20999df2af8eb42d56 -> 
========================================================================
Received Import Request.
  Time since last request: 113.503095 seconds.
  path: Assets/Prefabs/MainBuilding Variant.prefab
  artifactKey: Guid(c14b1e21556b0c440acc95599536561d) Importer(815301076,1909f56bfc062723c751e8b465ee728b)
Start importing Assets/Prefabs/MainBuilding Variant.prefab using Guid(c14b1e21556b0c440acc95599536561d) Importer(815301076,1909f56bfc062723c751e8b465ee728b)  -> (artifact id: 'e47db596f39f783f2e4d0f363d2696ff') in 0.046154 seconds 
  Import took 0.048858 seconds .

========================================================================
Received Import Request.
  Time since last request: 9.800824 seconds.
  path: Assets/Prefabs/MainBuilding Variant.prefab
  artifactKey: Guid(c14b1e21556b0c440acc95599536561d) Importer(815301076,1909f56bfc062723c751e8b465ee728b)
Start importing Assets/Prefabs/MainBuilding Variant.prefab using Guid(c14b1e21556b0c440acc95599536561d) Importer(815301076,1909f56bfc062723c751e8b465ee728b)  -> (artifact id: '7d88784944f11d344e4080f50c8781b2') in 0.011815 seconds 
  Import took 0.014352 seconds .

========================================================================
Received Import Request.
  Time since last request: 3.434209 seconds.
  path: Assets/Prefabs/MainBuilding Variant.prefab
  artifactKey: Guid(c14b1e21556b0c440acc95599536561d) Importer(815301076,1909f56bfc062723c751e8b465ee728b)
Start importing Assets/Prefabs/MainBuilding Variant.prefab using Guid(c14b1e21556b0c440acc95599536561d) Importer(815301076,1909f56bfc062723c751e8b465ee728b)  -> (artifact id: 'f3422ab3ad05aaa9dafb7bc7b94d391d') in 0.010543 seconds 
  Import took 0.013302 seconds .

========================================================================
Received Import Request.
  Time since last request: 21.757183 seconds.
  path: Assets/Prefabs/MainBuilding Variant.prefab
  artifactKey: Guid(c14b1e21556b0c440acc95599536561d) Importer(815301076,1909f56bfc062723c751e8b465ee728b)
Start importing Assets/Prefabs/MainBuilding Variant.prefab using Guid(c14b1e21556b0c440acc95599536561d) Importer(815301076,1909f56bfc062723c751e8b465ee728b)  -> (artifact id: 'bf482f626163a54e9d5723636b77bcb0') in 0.011150 seconds 
  Import took 0.013689 seconds .

========================================================================
Received Import Request.
  Time since last request: 10.644763 seconds.
  path: Assets/Prefabs/MainBuilding Variant.prefab
  artifactKey: Guid(c14b1e21556b0c440acc95599536561d) Importer(815301076,1909f56bfc062723c751e8b465ee728b)
Start importing Assets/Prefabs/MainBuilding Variant.prefab using Guid(c14b1e21556b0c440acc95599536561d) Importer(815301076,1909f56bfc062723c751e8b465ee728b)  -> (artifact id: '5c69bc3e3e74f260a88211d59bd13436') in 0.010784 seconds 
  Import took 0.013316 seconds .

========================================================================
Received Import Request.
  Time since last request: 5.623623 seconds.
  path: Assets/Prefabs/MainBuilding Variant.prefab
  artifactKey: Guid(c14b1e21556b0c440acc95599536561d) Importer(815301076,1909f56bfc062723c751e8b465ee728b)
Start importing Assets/Prefabs/MainBuilding Variant.prefab using Guid(c14b1e21556b0c440acc95599536561d) Importer(815301076,1909f56bfc062723c751e8b465ee728b)  -> (artifact id: '44b2f10e7e6b2c7f51afeb707f06d38f') in 0.010546 seconds 
  Import took 0.013114 seconds .

========================================================================
Received Import Request.
  Time since last request: 6.452220 seconds.
  path: Assets/Prefabs/MainBuilding Variant.prefab
  artifactKey: Guid(c14b1e21556b0c440acc95599536561d) Importer(815301076,1909f56bfc062723c751e8b465ee728b)
Start importing Assets/Prefabs/MainBuilding Variant.prefab using Guid(c14b1e21556b0c440acc95599536561d) Importer(815301076,1909f56bfc062723c751e8b465ee728b)  -> (artifact id: '9cc61beec9e688b674d1a962b0efe399') in 0.010557 seconds 
  Import took 0.013220 seconds .

========================================================================
Received Import Request.
  Time since last request: 8.033331 seconds.
  path: Assets/Prefabs/MainBuilding Variant.prefab
  artifactKey: Guid(c14b1e21556b0c440acc95599536561d) Importer(815301076,1909f56bfc062723c751e8b465ee728b)
Start importing Assets/Prefabs/MainBuilding Variant.prefab using Guid(c14b1e21556b0c440acc95599536561d) Importer(815301076,1909f56bfc062723c751e8b465ee728b)  -> (artifact id: 'cc9a7bd144dcf91c5ac67d7a202fa554') in 0.010633 seconds 
  Import took 0.013409 seconds .

========================================================================
Received Import Request.
  Time since last request: 2.412294 seconds.
  path: Assets/Prefabs/MainBuilding Variant.prefab
  artifactKey: Guid(c14b1e21556b0c440acc95599536561d) Importer(815301076,1909f56bfc062723c751e8b465ee728b)
Start importing Assets/Prefabs/MainBuilding Variant.prefab using Guid(c14b1e21556b0c440acc95599536561d) Importer(815301076,1909f56bfc062723c751e8b465ee728b)  -> (artifact id: '103e4e11903786a07c9ebef0358208dd') in 0.010555 seconds 
  Import took 0.013118 seconds .

========================================================================
Received Import Request.
  Time since last request: 1.394286 seconds.
  path: Assets/Prefabs/MainBuilding Variant.prefab
  artifactKey: Guid(c14b1e21556b0c440acc95599536561d) Importer(815301076,1909f56bfc062723c751e8b465ee728b)
Start importing Assets/Prefabs/MainBuilding Variant.prefab using Guid(c14b1e21556b0c440acc95599536561d) Importer(815301076,1909f56bfc062723c751e8b465ee728b)  -> (artifact id: 'b7d38a24203ce9cefdbc2734e5beff59') in 0.010611 seconds 
  Import took 0.013400 seconds .

========================================================================
Received Import Request.
  Time since last request: 3.608791 seconds.
  path: Assets/Prefabs/MainBuilding Variant.prefab
  artifactKey: Guid(c14b1e21556b0c440acc95599536561d) Importer(815301076,1909f56bfc062723c751e8b465ee728b)
Start importing Assets/Prefabs/MainBuilding Variant.prefab using Guid(c14b1e21556b0c440acc95599536561d) Importer(815301076,1909f56bfc062723c751e8b465ee728b)  -> (artifact id: '17e4d0269331fe25e32ff633ed70792f') in 0.010882 seconds 
  Import took 0.013607 seconds .

========================================================================
Received Import Request.
  Time since last request: 39.415083 seconds.
  path: Assets/Prefabs/MainBuilding Variant.prefab
  artifactKey: Guid(c14b1e21556b0c440acc95599536561d) Importer(815301076,1909f56bfc062723c751e8b465ee728b)
Start importing Assets/Prefabs/MainBuilding Variant.prefab using Guid(c14b1e21556b0c440acc95599536561d) Importer(815301076,1909f56bfc062723c751e8b465ee728b)  -> (artifact id: '8490612f60ea49c89607be799979cb49') in 0.010685 seconds 
  Import took 0.013245 seconds .

========================================================================
Received Import Request.
  Time since last request: 4.015333 seconds.
  path: Assets/Prefabs/MainBuilding Variant.prefab
  artifactKey: Guid(c14b1e21556b0c440acc95599536561d) Importer(815301076,1909f56bfc062723c751e8b465ee728b)
Start importing Assets/Prefabs/MainBuilding Variant.prefab using Guid(c14b1e21556b0c440acc95599536561d) Importer(815301076,1909f56bfc062723c751e8b465ee728b)  -> (artifact id: 'df3ff80d72593bea16091a58d1468d49') in 0.010254 seconds 
  Import took 0.012823 seconds .

========================================================================
Received Import Request.
  Time since last request: 1.600262 seconds.
  path: Assets/Prefabs/MainBuilding Variant.prefab
  artifactKey: Guid(c14b1e21556b0c440acc95599536561d) Importer(815301076,1909f56bfc062723c751e8b465ee728b)
Start importing Assets/Prefabs/MainBuilding Variant.prefab using Guid(c14b1e21556b0c440acc95599536561d) Importer(815301076,1909f56bfc062723c751e8b465ee728b)  -> (artifact id: 'fdb423f3b7903b53a56ed9034a5e6c04') in 0.010404 seconds 
  Import took 0.013011 seconds .

========================================================================
Received Import Request.
  Time since last request: 2.005395 seconds.
  path: Assets/Prefabs/MainBuilding Variant.prefab
  artifactKey: Guid(c14b1e21556b0c440acc95599536561d) Importer(815301076,1909f56bfc062723c751e8b465ee728b)
Start importing Assets/Prefabs/MainBuilding Variant.prefab using Guid(c14b1e21556b0c440acc95599536561d) Importer(815301076,1909f56bfc062723c751e8b465ee728b)  -> (artifact id: 'eb0812f73a17fb3b318c2873ca4ebce5') in 0.010583 seconds 
  Import took 0.013158 seconds .

========================================================================
Received Prepare
Registering precompiled user dll's ...
Registered in 0.002084 seconds.
Begin MonoManager ReloadAssembly
Native extension for WindowsStandalone target not found
Refreshing native plugins compatible for Editor in 0.44 ms, found 2 plugins.
Preloading 0 native plugins for Editor in 0.00 ms.
Mono: successfully reloaded assembly
- Completed reload, in  0.762 seconds
Domain Reload Profiling:
	ReloadAssembly (763ms)
		BeginReloadAssembly (91ms)
			ExecutionOrderSort (0ms)
			DisableScriptedObjects (3ms)
			BackupInstance (0ms)
			ReleaseScriptingObjects (0ms)
			CreateAndSetChildDomain (26ms)
		EndReloadAssembly (625ms)
			LoadAssemblies (61ms)
			RebuildTransferFunctionScriptingTraits (0ms)
			SetupTypeCache (201ms)
			ReleaseScriptCaches (1ms)
			RebuildScriptCaches (30ms)
			SetupLoadedEditorAssemblies (258ms)
				LogAssemblyErrors (0ms)
				InitializePlatformSupportModulesInManaged (4ms)
				SetLoadedEditorAssemblies (0ms)
				RefreshPlugins (0ms)
				BeforeProcessingInitializeOnLoad (61ms)
				ProcessInitializeOnLoadAttributes (187ms)
				ProcessInitializeOnLoadMethodAttributes (3ms)
				AfterProcessingInitializeOnLoad (2ms)
				EditorAssembliesLoaded (0ms)
			ExecutionOrderSort2 (0ms)
			AwakeInstancesAfterBackupRestoration (5ms)
Platform modules already initialized, skipping
Refreshing native plugins compatible for Editor in 0.44 ms, found 2 plugins.
Preloading 0 native plugins for Editor in 0.00 ms.
Unloading 1397 Unused Serialized files (Serialized files now loaded: 0)
System memory in use before: 90.2 MB.
System memory in use after: 90.3 MB.

Unloading 13 unused Assets to reduce memory usage. Loaded Objects now: 1916.
Total: 2.637500 ms (FindLiveObjects: 0.151500 ms CreateObjectMapping: 0.031500 ms MarkObjects: 2.439900 ms  DeleteObjects: 0.013700 ms)

AssetImportParameters requested are different than current active one (requested -> active):
  custom:framework-win-MediaFoundation: 216162199b28c13a410421893ffa2e32 -> 
  custom:video-decoder-ogg-theora: a1e56fd34408186e4bbccfd4996cb3dc -> 
  custom:container-muxer-webm: aa71ff27fc2769a1b78a27578f13a17b -> 
  custom:container-demuxer-webm: 4f35f7cbe854078d1ac9338744f61a02 -> 
  custom:container-demuxer-ogg: 62fdf1f143b41e24485cea50d1cbac27 -> 
  custom:video-encoder-webm-vp8: eb34c28f22e8b96e1ab97ce403110664 -> 
  custom:video-decoder-webm-vp8: 9c59270c3fd7afecdb556c50c9e8de78 -> 
  custom:audio-decoder-ogg-vorbis: bf7c407c2cedff20999df2af8eb42d56 -> 
  custom:audio-encoder-webm-vorbis: bf7c407c2cedff20999df2af8eb42d56 -> 
========================================================================
Received Prepare
Registering precompiled user dll's ...
Registered in 0.001977 seconds.
Begin MonoManager ReloadAssembly
Native extension for WindowsStandalone target not found
Refreshing native plugins compatible for Editor in 0.46 ms, found 2 plugins.
Preloading 0 native plugins for Editor in 0.00 ms.
Mono: successfully reloaded assembly
- Completed reload, in  0.754 seconds
Domain Reload Profiling:
	ReloadAssembly (755ms)
		BeginReloadAssembly (81ms)
			ExecutionOrderSort (0ms)
			DisableScriptedObjects (3ms)
			BackupInstance (0ms)
			ReleaseScriptingObjects (0ms)
			CreateAndSetChildDomain (25ms)
		EndReloadAssembly (627ms)
			LoadAssemblies (61ms)
			RebuildTransferFunctionScriptingTraits (0ms)
			SetupTypeCache (200ms)
			ReleaseScriptCaches (1ms)
			RebuildScriptCaches (29ms)
			SetupLoadedEditorAssemblies (258ms)
				LogAssemblyErrors (0ms)
				InitializePlatformSupportModulesInManaged (4ms)
				SetLoadedEditorAssemblies (0ms)
				RefreshPlugins (0ms)
				BeforeProcessingInitializeOnLoad (61ms)
				ProcessInitializeOnLoadAttributes (188ms)
				ProcessInitializeOnLoadMethodAttributes (3ms)
				AfterProcessingInitializeOnLoad (2ms)
				EditorAssembliesLoaded (0ms)
			ExecutionOrderSort2 (0ms)
			AwakeInstancesAfterBackupRestoration (5ms)
Platform modules already initialized, skipping
Refreshing native plugins compatible for Editor in 0.44 ms, found 2 plugins.
Preloading 0 native plugins for Editor in 0.00 ms.
Unloading 1397 Unused Serialized files (Serialized files now loaded: 0)
System memory in use before: 90.2 MB.
System memory in use after: 90.3 MB.

Unloading 13 unused Assets to reduce memory usage. Loaded Objects now: 1918.
Total: 2.617500 ms (FindLiveObjects: 0.157600 ms CreateObjectMapping: 0.031800 ms MarkObjects: 2.412500 ms  DeleteObjects: 0.014200 ms)

AssetImportParameters requested are different than current active one (requested -> active):
  custom:framework-win-MediaFoundation: 216162199b28c13a410421893ffa2e32 -> 
  custom:video-decoder-ogg-theora: a1e56fd34408186e4bbccfd4996cb3dc -> 
  custom:container-muxer-webm: aa71ff27fc2769a1b78a27578f13a17b -> 
  custom:container-demuxer-webm: 4f35f7cbe854078d1ac9338744f61a02 -> 
  custom:container-demuxer-ogg: 62fdf1f143b41e24485cea50d1cbac27 -> 
  custom:video-encoder-webm-vp8: eb34c28f22e8b96e1ab97ce403110664 -> 
  custom:video-decoder-webm-vp8: 9c59270c3fd7afecdb556c50c9e8de78 -> 
  custom:audio-decoder-ogg-vorbis: bf7c407c2cedff20999df2af8eb42d56 -> 
  custom:audio-encoder-webm-vorbis: bf7c407c2cedff20999df2af8eb42d56 -> 
========================================================================
Received Import Request.
  Time since last request: 116.235290 seconds.
  path: Assets/Scripts/Core/MainBuilding.cs
  artifactKey: Guid(14e01563d37a23f4e9bae517fb3e14dd) Importer(815301076,1909f56bfc062723c751e8b465ee728b)
Start importing Assets/Scripts/Core/MainBuilding.cs using Guid(14e01563d37a23f4e9bae517fb3e14dd) Importer(815301076,1909f56bfc062723c751e8b465ee728b)  -> (artifact id: '0dffaa62c299c0b4ebcdab1d5cfa7e8b') in 0.007044 seconds 
  Import took 0.009587 seconds .

========================================================================
Received Import Request.
  Time since last request: 0.197128 seconds.
  path: Assets/Scripts/Core/MainBuilding.cs
  artifactKey: Guid(14e01563d37a23f4e9bae517fb3e14dd) Importer(815301076,1909f56bfc062723c751e8b465ee728b)
Start importing Assets/Scripts/Core/MainBuilding.cs using Guid(14e01563d37a23f4e9bae517fb3e14dd) Importer(815301076,1909f56bfc062723c751e8b465ee728b)  -> (artifact id: '0dffaa62c299c0b4ebcdab1d5cfa7e8b') in 0.001561 seconds 
  Import took 0.003679 seconds .

========================================================================
Received Import Request.
  Time since last request: 330.389644 seconds.
  path: Assets/Sprites/MainBuilding.png
  artifactKey: Guid(712262adeebd1924cad36360993fca8a) Importer(815301076,1909f56bfc062723c751e8b465ee728b)
Start importing Assets/Sprites/MainBuilding.png using Guid(712262adeebd1924cad36360993fca8a) Importer(815301076,1909f56bfc062723c751e8b465ee728b)  -> (artifact id: 'ee1a8f943695adad09755d8b7d8017f5') in 0.092487 seconds 
  Import took 0.095249 seconds .

========================================================================
Received Import Request.
  Time since last request: 0.000170 seconds.
  path: Assets/Sprites/Unit.png
  artifactKey: Guid(9908913e928c42d4f9f1891893bbc424) Importer(815301076,1909f56bfc062723c751e8b465ee728b)
Start importing Assets/Sprites/Unit.png using Guid(9908913e928c42d4f9f1891893bbc424) Importer(815301076,1909f56bfc062723c751e8b465ee728b)  -> (artifact id: '146600c8c654c040cb4455d271284147') in 0.013256 seconds 
  Import took 0.015271 seconds .

========================================================================
Received Prepare
Registering precompiled user dll's ...
Registered in 0.001927 seconds.
Begin MonoManager ReloadAssembly
Native extension for WindowsStandalone target not found
Refreshing native plugins compatible for Editor in 0.44 ms, found 2 plugins.
Preloading 0 native plugins for Editor in 0.00 ms.
Mono: successfully reloaded assembly
- Completed reload, in  0.762 seconds
Domain Reload Profiling:
	ReloadAssembly (763ms)
		BeginReloadAssembly (91ms)
			ExecutionOrderSort (0ms)
			DisableScriptedObjects (3ms)
			BackupInstance (0ms)
			ReleaseScriptingObjects (0ms)
			CreateAndSetChildDomain (26ms)
		EndReloadAssembly (625ms)
			LoadAssemblies (61ms)
			RebuildTransferFunctionScriptingTraits (0ms)
			SetupTypeCache (197ms)
			ReleaseScriptCaches (1ms)
			RebuildScriptCaches (30ms)
			SetupLoadedEditorAssemblies (260ms)
				LogAssemblyErrors (0ms)
				InitializePlatformSupportModulesInManaged (4ms)
				SetLoadedEditorAssemblies (0ms)
				RefreshPlugins (0ms)
				BeforeProcessingInitializeOnLoad (61ms)
				ProcessInitializeOnLoadAttributes (189ms)
				ProcessInitializeOnLoadMethodAttributes (3ms)
				AfterProcessingInitializeOnLoad (2ms)
				EditorAssembliesLoaded (0ms)
			ExecutionOrderSort2 (0ms)
			AwakeInstancesAfterBackupRestoration (5ms)
Platform modules already initialized, skipping
Refreshing native plugins compatible for Editor in 0.43 ms, found 2 plugins.
Preloading 0 native plugins for Editor in 0.00 ms.
Unloading 1397 Unused Serialized files (Serialized files now loaded: 0)
System memory in use before: 90.2 MB.
System memory in use after: 90.3 MB.

Unloading 13 unused Assets to reduce memory usage. Loaded Objects now: 1926.
Total: 2.649800 ms (FindLiveObjects: 0.158600 ms CreateObjectMapping: 0.031400 ms MarkObjects: 2.443900 ms  DeleteObjects: 0.014900 ms)

AssetImportParameters requested are different than current active one (requested -> active):
  custom:framework-win-MediaFoundation: 216162199b28c13a410421893ffa2e32 -> 
  custom:video-decoder-ogg-theora: a1e56fd34408186e4bbccfd4996cb3dc -> 
  custom:container-muxer-webm: aa71ff27fc2769a1b78a27578f13a17b -> 
  custom:container-demuxer-webm: 4f35f7cbe854078d1ac9338744f61a02 -> 
  custom:container-demuxer-ogg: 62fdf1f143b41e24485cea50d1cbac27 -> 
  custom:video-encoder-webm-vp8: eb34c28f22e8b96e1ab97ce403110664 -> 
  custom:video-decoder-webm-vp8: 9c59270c3fd7afecdb556c50c9e8de78 -> 
  custom:audio-decoder-ogg-vorbis: bf7c407c2cedff20999df2af8eb42d56 -> 
  custom:audio-encoder-webm-vorbis: bf7c407c2cedff20999df2af8eb42d56 -> 
AssetImportWorkerClient::OnTransportError - code=2 error=End of file
